{"E:\\code\\appleSeeds bootcamp\\exercises\\js\\node_todo\\index.js": {"path":"E:\\code\\appleSeeds bootcamp\\exercises\\js\\node_todo\\index.js","statementMap":{"0":{"start":{"line":3,"column":13},"end":{"line":3,"column":15}},"1":{"start":{"line":4,"column":0},"end":{"line":7,"column":2}},"2":{"start":{"line":9,"column":4},"end":{"line":13,"column":6}},"3":{"start":{"line":17,"column":4},"end":{"line":25,"column":5}},"4":{"start":{"line":18,"column":20},"end":{"line":18,"column":56}},"5":{"start":{"line":18,"column":40},"end":{"line":18,"column":55}},"6":{"start":{"line":19,"column":8},"end":{"line":24,"column":9}},"7":{"start":{"line":20,"column":12},"end":{"line":20,"column":25}},"8":{"start":{"line":22,"column":12},"end":{"line":22,"column":34}},"9":{"start":{"line":23,"column":12},"end":{"line":23,"column":24}},"10":{"start":{"line":26,"column":4},"end":{"line":26,"column":17}},"11":{"start":{"line":29,"column":4},"end":{"line":29,"column":29}},"12":{"start":{"line":30,"column":4},"end":{"line":38,"column":5}},"13":{"start":{"line":31,"column":20},"end":{"line":31,"column":89}},"14":{"start":{"line":31,"column":40},"end":{"line":31,"column":88}},"15":{"start":{"line":32,"column":8},"end":{"line":37,"column":9}},"16":{"start":{"line":33,"column":12},"end":{"line":33,"column":25}},"17":{"start":{"line":35,"column":12},"end":{"line":35,"column":34}},"18":{"start":{"line":36,"column":12},"end":{"line":36,"column":24}},"19":{"start":{"line":39,"column":4},"end":{"line":39,"column":17}},"20":{"start":{"line":43,"column":4},"end":{"line":46,"column":5}},"21":{"start":{"line":45,"column":8},"end":{"line":45,"column":49}},"22":{"start":{"line":50,"column":4},"end":{"line":53,"column":5}},"23":{"start":{"line":52,"column":8},"end":{"line":52,"column":50}},"24":{"start":{"line":68,"column":4},"end":{"line":68,"column":62}},"25":{"start":{"line":68,"column":31},"end":{"line":68,"column":60}},"26":{"start":{"line":71,"column":0},"end":{"line":71,"column":20}},"27":{"start":{"line":75,"column":4},"end":{"line":81,"column":5}},"28":{"start":{"line":76,"column":20},"end":{"line":76,"column":56}},"29":{"start":{"line":76,"column":40},"end":{"line":76,"column":55}},"30":{"start":{"line":77,"column":8},"end":{"line":79,"column":9}},"31":{"start":{"line":78,"column":12},"end":{"line":78,"column":25}},"32":{"start":{"line":80,"column":8},"end":{"line":80,"column":27}}},"fnMap":{"0":{"name":"AddItem","decl":{"start":{"line":8,"column":9},"end":{"line":8,"column":16}},"loc":{"start":{"line":8,"column":52},"end":{"line":14,"column":1}},"line":8},"1":{"name":"deleteItemById","decl":{"start":{"line":16,"column":9},"end":{"line":16,"column":23}},"loc":{"start":{"line":16,"column":32},"end":{"line":27,"column":1}},"line":16},"2":{"name":"(anonymous_2)","decl":{"start":{"line":18,"column":35},"end":{"line":18,"column":36}},"loc":{"start":{"line":18,"column":40},"end":{"line":18,"column":55}},"line":18},"3":{"name":"deleteItemByTaskName","decl":{"start":{"line":28,"column":9},"end":{"line":28,"column":29}},"loc":{"start":{"line":28,"column":37},"end":{"line":40,"column":1}},"line":28},"4":{"name":"(anonymous_4)","decl":{"start":{"line":31,"column":35},"end":{"line":31,"column":36}},"loc":{"start":{"line":31,"column":40},"end":{"line":31,"column":88}},"line":31},"5":{"name":"markAsDone","decl":{"start":{"line":42,"column":9},"end":{"line":42,"column":19}},"loc":{"start":{"line":42,"column":24},"end":{"line":47,"column":1}},"line":42},"6":{"name":"markAsUndone","decl":{"start":{"line":49,"column":9},"end":{"line":49,"column":21}},"loc":{"start":{"line":49,"column":26},"end":{"line":54,"column":1}},"line":49},"7":{"name":"list","decl":{"start":{"line":67,"column":9},"end":{"line":67,"column":13}},"loc":{"start":{"line":67,"column":16},"end":{"line":69,"column":1}},"line":67},"8":{"name":"(anonymous_8)","decl":{"start":{"line":68,"column":21},"end":{"line":68,"column":22}},"loc":{"start":{"line":68,"column":31},"end":{"line":68,"column":60}},"line":68},"9":{"name":"findTaskIndexById","decl":{"start":{"line":74,"column":9},"end":{"line":74,"column":26}},"loc":{"start":{"line":74,"column":35},"end":{"line":82,"column":1}},"line":74},"10":{"name":"(anonymous_10)","decl":{"start":{"line":76,"column":35},"end":{"line":76,"column":36}},"loc":{"start":{"line":76,"column":40},"end":{"line":76,"column":55}},"line":76}},"branchMap":{"0":{"loc":{"start":{"line":8,"column":31},"end":{"line":8,"column":50}},"type":"default-arg","locations":[{"start":{"line":8,"column":45},"end":{"line":8,"column":50}}],"line":8},"1":{"loc":{"start":{"line":17,"column":4},"end":{"line":25,"column":5}},"type":"if","locations":[{"start":{"line":17,"column":4},"end":{"line":25,"column":5}},{"start":{"line":17,"column":4},"end":{"line":25,"column":5}}],"line":17},"2":{"loc":{"start":{"line":19,"column":8},"end":{"line":24,"column":9}},"type":"if","locations":[{"start":{"line":19,"column":8},"end":{"line":24,"column":9}},{"start":{"line":19,"column":8},"end":{"line":24,"column":9}}],"line":19},"3":{"loc":{"start":{"line":30,"column":4},"end":{"line":38,"column":5}},"type":"if","locations":[{"start":{"line":30,"column":4},"end":{"line":38,"column":5}},{"start":{"line":30,"column":4},"end":{"line":38,"column":5}}],"line":30},"4":{"loc":{"start":{"line":32,"column":8},"end":{"line":37,"column":9}},"type":"if","locations":[{"start":{"line":32,"column":8},"end":{"line":37,"column":9}},{"start":{"line":32,"column":8},"end":{"line":37,"column":9}}],"line":32},"5":{"loc":{"start":{"line":43,"column":4},"end":{"line":46,"column":5}},"type":"if","locations":[{"start":{"line":43,"column":4},"end":{"line":46,"column":5}},{"start":{"line":43,"column":4},"end":{"line":46,"column":5}}],"line":43},"6":{"loc":{"start":{"line":50,"column":4},"end":{"line":53,"column":5}},"type":"if","locations":[{"start":{"line":50,"column":4},"end":{"line":53,"column":5}},{"start":{"line":50,"column":4},"end":{"line":53,"column":5}}],"line":50},"7":{"loc":{"start":{"line":75,"column":4},"end":{"line":81,"column":5}},"type":"if","locations":[{"start":{"line":75,"column":4},"end":{"line":81,"column":5}},{"start":{"line":75,"column":4},"end":{"line":81,"column":5}}],"line":75},"8":{"loc":{"start":{"line":77,"column":8},"end":{"line":79,"column":9}},"type":"if","locations":[{"start":{"line":77,"column":8},"end":{"line":79,"column":9}},{"start":{"line":77,"column":8},"end":{"line":79,"column":9}}],"line":77}},"s":{"0":1,"1":1,"2":1,"3":0,"4":0,"5":0,"6":0,"7":0,"8":0,"9":0,"10":0,"11":0,"12":0,"13":0,"14":0,"15":0,"16":0,"17":0,"18":0,"19":0,"20":0,"21":0,"22":0,"23":0,"24":1,"25":0,"26":1,"27":0,"28":0,"29":0,"30":0,"31":0,"32":0},"f":{"0":1,"1":0,"2":0,"3":0,"4":0,"5":0,"6":0,"7":1,"8":0,"9":0,"10":0},"b":{"0":[1],"1":[0,0],"2":[0,0],"3":[0,0],"4":[0,0],"5":[0,0],"6":[0,0],"7":[0,0],"8":[0,0]},"_coverageSchema":"1a1c01bbd47fc00a2c39e90264f33305004495a9","hash":"ce38f50bf8a515aadf5932955de5900ebd9de451"}
}
