TN:
SF:index.js
FN:8,AddItem
FN:16,deleteItemById
FN:18,(anonymous_2)
FN:28,deleteItemByTaskName
FN:31,(anonymous_4)
FN:42,markAsDone
FN:49,markAsUndone
FN:67,list
FN:68,(anonymous_8)
FN:74,findTaskIndexById
FN:76,(anonymous_10)
FNF:11
FNH:2
FNDA:1,AddItem
FNDA:0,deleteItemById
FNDA:0,(anonymous_2)
FNDA:0,deleteItemByTaskName
FNDA:0,(anonymous_4)
FNDA:0,markAsDone
FNDA:0,markAsUndone
FNDA:1,list
FNDA:0,(anonymous_8)
FNDA:0,findTaskIndexById
FNDA:0,(anonymous_10)
DA:3,1
DA:4,1
DA:9,1
DA:17,0
DA:18,0
DA:19,0
DA:20,0
DA:22,0
DA:23,0
DA:26,0
DA:29,0
DA:30,0
DA:31,0
DA:32,0
DA:33,0
DA:35,0
DA:36,0
DA:39,0
DA:43,0
DA:45,0
DA:50,0
DA:52,0
DA:68,1
DA:71,1
DA:75,0
DA:76,0
DA:77,0
DA:78,0
DA:80,0
LF:29
LH:5
BRDA:8,0,0,1
BRDA:17,1,0,0
BRDA:17,1,1,0
BRDA:19,2,0,0
BRDA:19,2,1,0
BRDA:30,3,0,0
BRDA:30,3,1,0
BRDA:32,4,0,0
BRDA:32,4,1,0
BRDA:43,5,0,0
BRDA:43,5,1,0
BRDA:50,6,0,0
BRDA:50,6,1,0
BRDA:75,7,0,0
BRDA:75,7,1,0
BRDA:77,8,0,0
BRDA:77,8,1,0
BRF:17
BRH:1
end_of_record
